c[?7l[2J[0mSeaBIOS (version 1.15.0-1)


iPXE (https://ipxe.org) 00:03.0 CA00 PCI2.10 PnP PMM+07F8B4A0+07ECB4A0 CA00
Press Ctrl-B to configure iPXE (PCI 00:03.0)...                                                                               


Booting from Hard Disk...
(THU.CST) os is loading ...

Special kernel symbols:
  entry  0x00100000 (phys)
  etext  0x00103492 (phys)
  edata  0x0010fa16 (phys)
  end    0x00110d28 (phys)
Kernel executable memory footprint: 68KB
ebp:00007b28 eip:00007ad8 args:00010094 00010094 00007b58 0010008e
    <unknow>: -- 0x00007ad7 --
ebp:00007b38 eip:00100c98 args:00000000 00000000 00000000 00007ba8
    kern/debug/kmonitor.c:125: mon_backtrace+10
ebp:00007b58 eip:0010008e args:00000000 00007b80 ffff0000 00007b84
    kern/init/init.c:48: grade_backtrace2+33
ebp:00007b78 eip:001000bc args:00000000 ffff0000 00007ba4 00000029
    kern/init/init.c:53: grade_backtrace1+40
ebp:00007b98 eip:001000dc args:00000000 00100000 ffff0000 0000001d
    kern/init/init.c:58: grade_backtrace0+23
ebp:00007bb8 eip:00100104 args:001034bc 001034a0 00001312 00000000
    kern/init/init.c:63: grade_backtrace+34
ebp:00007be8 eip:00100051 args:00000000 00000000 00000000 00007c4f
    kern/init/init.c:28: kern_init+80
ebp:00007bf8 eip:00007d72 args:c031fcfa c08ed88e 64e4d08e fa7502a8
    <unknow>: -- 0x00007d71 --
++ setup timer interrupts
100 ticks
End of Test.
kernel panic at kern/trap/trap.c:18:
    EOT: kernel seems ok.
stack trackback:
ebp:00007ad0 eip:00007a80 args:0010378c 00007b14 00000012 00007b4c
    <unknow>: -- 0x00007a7f --
ebp:00007b00 eip:00100d09 args:0010384e 00000012 00103838 00007c4f
    kern/debug/panic.c:27: __panic+103
ebp:00007b20 eip:001018b8 args:00007b58 00100319 001002c8 00007b4c
    kern/trap/trap.c:0: print_ticks+65
ebp:00007b50 eip:00101ccc args:00007b7c 0010033e 001037bc 00007b94
    kern/trap/trap.c:166: trap_dispatch+106
ebp:00007b70 eip:00101d92 args:00007b7c 00000000 00010094 00007be8
    kern/trap/trap.c:204: trap+16
ebp:00007be8 eip:00101dad args:00000000 00000000 00000000 00007c4f
    kern/trap/trapentry.S:24: <unknown>+0
ebp:00007bf8 eip:00007d72 args:c031fcfa c08ed88e 64e4d08e fa7502a8
    <unknow>: -- 0x00007d71 --
Welcome to the kernel debug monitor!!
Type 'help' for a list of commands.
K> 